variable,charge,p_min,p_max,cos_min,cos_max,threshold,data_efficiency,data_uncertainty_stat_up,data_uncertainty_stat_dn,data_uncertainty_sys_up,data_uncertainty_sys_dn,MC_efficiency,MC_uncertainty_stat_up,MC_uncertainty_stat_dn,MC_uncertainty_sys_up,MC_uncertainty_sys_dn,data_MC_ratio,data_MC_uncertainty_stat_up,data_MC_uncertainty_stat_dn,data_MC_uncertainty_sys_up,data_MC_uncertainty_sys_dn
kaonID,1,0.5,1,-0.866,-0.682,0.6,0.739268,0.0127232,0.0127232,0.000368439,0.000368106,0.702432,0.0136198,0.0136198,0.000365155,0.000309881,1.05244,0.0272855,0.0272855,0.000757921,0.000700134
kaonID,1,1,1.5,-0.866,-0.682,0.6,0.212375,0.0114108,0.0114108,8.95879e-05,0.000371197,0.205905,0.0114097,0.0114097,0.000396636,0.00017225,1.03142,0.0796095,0.0796095,0.00203392,0.00199861
kaonID,1,1.5,2,-0.866,-0.682,0.6,0.409368,0.0154436,0.0154436,0.000114856,0.000170408,0.466346,0.0158504,0.0158504,0.000429964,0.000145451,0.87782,0.0445742,0.0445742,0.000845982,0.000456602
kaonID,1,2,2.5,-0.866,-0.682,0.6,0.484757,0.0207816,0.0207816,0.000211251,0.000146942,0.548634,0.019464,0.019464,0.000173845,0.000223826,0.883571,0.0491672,0.0491672,0.000476077,0.00044908
kaonID,1,2.5,3,-0.866,-0.682,0.6,0.665449,0.030007,0.030007,7.78139e-05,0.000166964,0.642173,0.0283962,0.0283962,0.0004201,0.000383325,1.03625,0.0654451,0.0654451,0.000688641,0.000670976
kaonID,1,3,3.5,-0.866,-0.682,0.6,0.641273,0.0691095,0.0691095,0.000603968,0.00063544,0.695858,0.057001,0.057001,0.000425275,6.04979e-05,0.921557,0.124748,0.124748,0.00103467,0.000916683
kaonID,1,3.5,4.5,-0.866,-0.682,0.6,1,0.692902,0.692902,0.000604046,0,0.935817,0.203858,0.203858,0.00339681,0.000782863,1.06858,0.776154,0.776154,0.00393207,0.000893931
kaonID,1,0.5,1,-0.682,-0.4226,0.6,0.822255,0.00750561,0.00750561,0.000605243,0.000379629,0.828309,0.00851723,0.00851723,0.00340888,0.000293786,0.992691,0.0136492,0.0136492,0.00415022,0.000577947
kaonID,1,1,1.5,-0.682,-0.4226,0.6,0.431547,0.00827832,0.00827832,0.000612346,0.000248552,0.472197,0.00945149,0.00945149,0.000181008,0.000341525,0.913913,0.0253374,0.0253374,0.00134329,0.000844983
kaonID,1,1.5,2,-0.682,-0.4226,0.6,0.64846,0.0073093,0.0073093,0.000633654,0.000165475,0.682895,0.00794737,0.00794737,0.000285379,0.000233519,0.949575,0.0153846,0.0153846,0.00100919,0.000405159
kaonID,1,2,2.5,-0.682,-0.4226,0.6,0.659896,0.00743766,0.00743766,0.000671502,0.000253002,0.703248,0.00782491,0.00782491,0.000447808,0.000306643,0.938355,0.0148616,0.0148616,0.0011264,0.00054483
kaonID,1,2.5,3,-0.682,-0.4226,0.6,0.728057,0.00921487,0.00921487,0.000726697,0.000229168,0.726282,0.0107405,0.0107405,0.000514775,0.000309092,1.00244,0.0195127,0.0195127,0.00122718,0.00053063
kaonID,1,3,3.5,-0.682,-0.4226,0.6,0.69104,0.0173256,0.0173256,0.000211594,0.00031926,0.688986,0.0170817,0.0170817,0.000528027,0.000102587,1.00298,0.0353651,0.0353651,0.000827747,0.000486847
kaonID,1,3.5,4.5,-0.682,-0.4226,0.6,0.669344,0.0566428,0.0566428,0.000476051,0.00041986,0.681596,0.0550216,0.0550216,0.000539373,0.000162302,0.982025,0.11485,0.11485,0.00104485,0.000658887
kaonID,1,0.5,1,-0.4226,-0.1045,0.6,0.956674,0.0044022,0.0044022,0.00048861,0.00010501,0.948427,0.00507766,0.00507766,0.000554142,0.000130054,1.0087,0.00712094,0.00712094,0.000782783,0.000177175
kaonID,1,1,1.5,-0.4226,-0.1045,0.6,0.9201,0.00463155,0.00463155,0.00051555,0.000172099,0.928745,0.00482742,0.00482742,0.00010174,0.000168808,0.990692,0.00716837,0.00716837,0.000565613,0.000258382
kaonID,1,1.5,2,-0.4226,-0.1045,0.6,0.924664,0.00413526,0.00413526,9.01332e-05,0.000192938,0.947215,0.00423648,0.00423648,0.000109864,0.000198882,0.976192,0.00617431,0.00617431,0.000147901,0.000288965
kaonID,1,2,2.5,-0.4226,-0.1045,0.6,0.902666,0.00459103,0.00459103,0.000166271,0.000258085,0.936334,0.00451266,0.00451266,0.000200185,0.000267326,0.964043,0.00675489,0.00675489,0.000272056,0.000389524
kaonID,1,2.5,3,-0.4226,-0.1045,0.6,0.87484,0.00647987,0.00647987,0.000157946,0.000360092,0.923485,0.00587588,0.00587588,0.000302295,0.000219579,0.947325,0.00925021,0.00925021,0.000354137,0.000450311
kaonID,1,3,3.5,-0.4226,-0.1045,0.6,0.777036,0.0110939,0.0110939,0.000179089,1.87883e-05,0.882054,0.00976251,0.00976251,0.000402351,0.000256051,0.880939,0.015914,0.015914,0.000450223,0.000256613
kaonID,1,3.5,4.5,-0.4226,-0.1045,0.6,0.747442,0.0229442,0.0229442,0.000276807,2.66271e-05,0.875316,0.0184093,0.0184093,0.000403267,0.000135783,0.853911,0.0317746,0.0317746,0.000504751,0.000135911
kaonID,1,0.5,1,-0.1045,0.225,0.6,0.936054,0.00451308,0.00451308,0.000112814,0.000116073,0.929452,0.0051981,0.0051981,0.000154078,0.000199677,1.0071,0.00743645,0.00743645,0.000206409,0.000249814
kaonID,1,1,1.5,-0.1045,0.225,0.6,0.879409,0.00478796,0.00478796,0.000172853,0.000164253,0.892398,0.0052344,0.0052344,0.000181301,0.00020894,0.985445,0.00788648,0.00788648,0.000278567,0.000295147
kaonID,1,1.5,2,-0.1045,0.225,0.6,0.897996,0.00436232,0.00436232,0.000213368,0.000148233,0.928691,0.00435358,0.00435358,9.20543e-05,0.000228917,0.966948,0.00652777,0.00652777,0.000248942,0.000286856
kaonID,1,2,2.5,-0.1045,0.225,0.6,0.844221,0.00522931,0.00522931,0.000267927,0.000177457,0.914091,0.00468737,0.00468737,0.000128822,0.000266565,0.923563,0.00742674,0.00742674,0.000320707,0.000332002
kaonID,1,2.5,3,-0.1045,0.225,0.6,0.806812,0.00647461,0.00647461,0.000275563,0.000317173,0.890346,0.00590165,0.00590165,0.000220638,0.00034245,0.906178,0.00943193,0.00943193,0.000382386,0.000498381
kaonID,1,3,3.5,-0.1045,0.225,0.6,0.721369,0.00953886,0.00953886,4.58585e-05,0.000318886,0.826321,0.00938435,0.00938435,0.000218767,0.000400444,0.872989,0.0152169,0.0152169,0.000237692,0.000572631
kaonID,1,3.5,4.5,-0.1045,0.225,0.6,0.691134,0.0150106,0.0150106,0.000419058,0.000419751,0.792236,0.0130935,0.0130935,0.000218973,0.000126637,0.872384,0.0238092,0.0238092,0.000581323,0.000547875
kaonID,1,0.5,1,0.225,0.5,0.6,0.896679,0.00542339,0.00542339,0.000447577,0.000161994,0.893506,0.00610773,0.00610773,0.000268688,0.000189249,1.00355,0.00915977,0.00915977,0.000584803,0.000279376
kaonID,1,1,1.5,0.225,0.5,0.6,0.848093,0.00530432,0.00530432,0.000140698,0.00021082,0.870994,0.00573352,0.00573352,0.00033394,0.000104163,0.973707,0.00884145,0.00884145,0.000406771,0.0002686
kaonID,1,1.5,2,0.225,0.5,0.6,0.860447,0.00499938,0.00499938,0.00018208,0.000146178,0.910197,0.00483093,0.00483093,0.000341826,0.000197899,0.945342,0.00743935,0.00743935,0.000407505,0.000260843
kaonID,1,2,2.5,0.225,0.5,0.6,0.784376,0.00575206,0.00575206,0.000255546,0.000209249,0.868595,0.00545091,0.00545091,0.000401966,0.000233859,0.90304,0.00871608,0.00871608,0.00051108,0.00034227
kaonID,1,2.5,3,0.225,0.5,0.6,0.729768,0.00656617,0.00656617,0.000187758,0.000301877,0.810935,0.00652187,0.00652187,4.26497e-05,0.000240678,0.899909,0.0108601,0.0108601,0.000236321,0.00045816
kaonID,1,3,3.5,0.225,0.5,0.6,0.640145,0.00857065,0.00857065,0.000248896,0.000177862,0.741757,0.00877314,0.00877314,0.000333044,0.000390963,0.863012,0.0154174,0.0154174,0.000512581,0.000514205
kaonID,1,3.5,4.5,0.225,0.5,0.6,0.676207,0.00991532,0.00991532,0.000287547,1.0198e-05,0.752729,0.0103726,0.0103726,0.00043885,0.000280582,0.898341,0.0180764,0.0180764,0.000648256,0.000335133
kaonID,1,0.5,1,0.5,0.766,0.6,0.930952,0.0050061,0.0050061,0.000129395,0.0001514,0.914485,0.00586974,0.00586974,0.000461628,0.000138744,1.01801,0.00852426,0.00852426,0.000533009,0.000226416
kaonID,1,1,1.5,0.5,0.766,0.6,0.874742,0.00499099,0.00499099,0.000208435,0.000185311,0.912685,0.00514441,0.00514441,0.000130656,0.000205239,0.958427,0.00768689,0.00768689,0.000266422,0.000296102
kaonID,1,1.5,2,0.5,0.766,0.6,0.895246,0.00437141,0.00437141,0.000191562,0.000211085,0.917501,0.00466203,0.00466203,0.000159812,0.000192099,0.975744,0.00687617,0.00687617,0.000269216,0.000307678
kaonID,1,2,2.5,0.5,0.766,0.6,0.844447,0.00477667,0.00477667,0.000186748,0.000258275,0.887142,0.00488066,0.00488066,0.000201698,0.000154315,0.951874,0.00751099,0.00751099,0.000301907,0.000334922
kaonID,1,2.5,3,0.5,0.766,0.6,0.795253,0.0051495,0.0051495,0.00024738,0.000325658,0.843706,0.0054473,0.0054473,0.000288316,0.000209535,0.942571,0.00861896,0.00861896,0.000435567,0.000451422
kaonID,1,3,3.5,0.5,0.766,0.6,0.741165,0.00609181,0.00609181,0.000251118,0.000370631,0.787728,0.00662925,0.00662925,0.000363533,0.000214972,0.940889,0.0110681,0.0110681,0.000538674,0.00053601
kaonID,1,3.5,4.5,0.5,0.766,0.6,0.755964,0.00628992,0.00628992,0.000256308,0.000414771,0.795908,0.00663047,0.00663047,0.000364276,5.87197e-05,0.949813,0.0111832,0.0111832,0.000541002,0.00052582
kaonID,1,0.5,1,0.766,0.8829,0.6,0.950362,0.00674416,0.00674416,0.000313504,0.000193814,0.941917,0.00743167,0.00743167,0.0004086,0.000187534,1.00897,0.0107069,0.0107069,0.000549862,0.000287565
kaonID,1,1,1.5,0.766,0.8829,0.6,0.904743,0.00656468,0.00656468,0.000357619,0.000221673,0.903941,0.00726895,0.00726895,0.000462977,0.000235608,1.00089,0.0108407,0.0108407,0.000647539,0.000358042
kaonID,1,1.5,2,0.766,0.8829,0.6,0.902428,0.00614471,0.00614471,0.000399155,0.00015836,0.924683,0.00646222,0.00646222,0.000514117,0.000176912,0.975932,0.00952241,0.00952241,0.000693371,0.000253363
kaonID,1,2,2.5,0.766,0.8829,0.6,0.889861,0.00590196,0.00590196,0.00052196,0.000225002,0.916105,0.00606212,0.00606212,0.000163612,0.000234968,0.971353,0.00910058,0.00910058,0.000595585,0.000349847
kaonID,1,2.5,3,0.766,0.8829,0.6,0.879222,0.00584205,0.00584205,0.000239247,0.000317205,0.918247,0.00563018,0.00563018,0.00016685,2.2e-05,0.957501,0.00865704,0.00865704,0.000313297,0.000346207
kaonID,1,3,3.5,0.766,0.8829,0.6,0.855945,0.00635057,0.00635057,0.000344549,0.000240104,0.889475,0.00660869,0.00660869,0.000175425,5.80172e-05,0.962304,0.0101042,0.0101042,0.000431357,0.00027714
kaonID,1,3.5,4.5,0.766,0.8829,0.6,0.82874,0.00606532,0.00606532,3.69594e-05,0.000245797,0.867489,0.00654147,0.00654147,0.000190097,6.09672e-05,0.955332,0.010039,0.010039,0.000213638,0.000291189
kaonID,1,0.5,1,0.8829,0.9563,0.6,0.971015,0.00916154,0.00916154,0.000183235,0.000307795,0.979063,0.00785821,0.00785821,0.000233112,0.000130499,0.99178,0.0122853,0.0122853,0.000301311,0.00034104
kaonID,1,1,1.5,0.8829,0.9563,0.6,0.972303,0.00570048,0.00570048,9.00944e-05,0.000324418,0.960077,0.00675109,0.00675109,0.000187784,0.00019479,1.01273,0.0092719,0.0092719,0.000219187,0.000395476
kaonID,1,1.5,2,0.8829,0.9563,0.6,0.980696,0.00494292,0.00494292,0.000136323,0.000327324,0.973044,0.00596948,0.00596948,0.000223385,0.000108439,1.00786,0.00800222,0.00800222,0.000270488,0.000354648
kaonID,1,2,2.5,0.8829,0.9563,0.6,0.97119,0.00579642,0.00579642,0.000204372,0.000327324,0.976716,0.00565232,0.00565232,0.000148105,0.000185151,0.994342,0.0082663,0.0082663,0.000257909,0.000384499
kaonID,1,2.5,3,0.8829,0.9563,0.6,0.977048,0.00526585,0.00526585,9.85444e-05,0.000345923,0.969945,0.00558341,0.00558341,5.39815e-05,0.00019306,1.00732,0.00794341,0.00794341,0.000116039,0.000409138
kaonID,1,3,3.5,0.8829,0.9563,0.6,0.972143,0.00666092,0.00666092,0.00012042,0.000363504,0.982255,0.00643956,0.00643956,0.000197459,0.0002845,0.989705,0.00938535,0.00938535,0.000233695,0.000468108
kaonID,1,3.5,4.5,0.8829,0.9563,0.6,0.949051,0.00715919,0.00715919,5.79828e-05,0.000390601,0.960211,0.00739816,0.00739816,0.000238755,0.000136898,0.988378,0.0106574,0.0106574,0.000253069,0.000430502
